2026-07-09 08:22:11,983 [INFO] ============================================================
2026-07-09 08:22:11,983 [INFO] PHASE 1: BBox-Detection aller 23 Original-PNGs
2026-07-09 08:22:11,983 [INFO] Start: 2026-07-09T08:22:11.983697
2026-07-09 08:22:11,983 [INFO] ============================================================
2026-07-09 08:22:12,062 [INFO]   p01: n_regions=512, large= 3, small=208, dense=207, avg_fill=0.484
2026-07-09 08:22:12,104 [INFO]   p02: n_regions=492, large= 2, small=224, dense=192, avg_fill=0.485
2026-07-09 08:22:12,145 [INFO]   p03: n_regions=552, large= 0, small=226, dense=229, avg_fill=0.481
2026-07-09 08:22:12,187 [INFO]   p04: n_regions=641, large= 0, small=283, dense=219, avg_fill=0.474
2026-07-09 08:22:12,227 [INFO]   p05: n_regions=143, large= 0, small= 37, dense=80, avg_fill=0.501
2026-07-09 08:22:12,268 [INFO]   p06: n_regions=154, large= 0, small= 49, dense=63, avg_fill=0.491
2026-07-09 08:22:12,305 [INFO]   p07: n_regions=272, large= 5, small=126, dense=97, avg_fill=0.474
2026-07-09 08:22:12,341 [INFO]   p08: n_regions=191, large= 0, small= 86, dense=84, avg_fill=0.506
2026-07-09 08:22:12,384 [INFO]   p09: n_regions=640, large= 2, small=415, dense=213, avg_fill=0.463
2026-07-09 08:22:12,426 [INFO]   p10: n_regions=644, large= 0, small=293, dense=290, avg_fill=0.493
2026-07-09 08:22:12,467 [INFO]   p11: n_regions=564, large= 3, small=215, dense=230, avg_fill=0.481
2026-07-09 08:22:12,508 [INFO]   p12: n_regions=626, large= 3, small=243, dense=248, avg_fill=0.489
2026-07-09 08:22:12,549 [INFO]   p13: n_regions=630, large= 8, small=254, dense=249, avg_fill=0.483
2026-07-09 08:22:12,590 [INFO]   p14: n_regions=531, large= 0, small=177, dense=189, avg_fill=0.470
2026-07-09 08:22:12,631 [INFO]   p15: n_regions=588, large= 0, small=212, dense=238, avg_fill=0.488
2026-07-09 08:22:12,674 [INFO]   p16: n_regions=542, large= 0, small=210, dense=223, avg_fill=0.474
2026-07-09 08:22:12,714 [INFO]   p17: n_regions= 30, large= 0, small= 27, dense= 4, avg_fill=0.438
2026-07-09 08:22:12,754 [INFO]   p18: n_regions= 33, large= 0, small= 30, dense= 4, avg_fill=0.435
2026-07-09 08:22:12,792 [INFO]   p19: n_regions= 55, large= 1, small= 51, dense= 3, avg_fill=0.429
2026-07-09 08:22:12,834 [INFO]   p20: n_regions= 46, large= 4, small= 27, dense=24, avg_fill=0.510
2026-07-09 08:22:12,872 [INFO]   p21: n_regions= 84, large= 5, small= 65, dense=31, avg_fill=0.492
2026-07-09 08:22:12,912 [INFO]   p22: n_regions= 75, large= 0, small= 75, dense= 2, avg_fill=0.423
2026-07-09 08:22:12,957 [INFO]   p23: n_regions=726, large= 0, small=691, dense=86, avg_fill=0.435
2026-07-09 08:22:12,957 [INFO] 
2026-07-09 08:22:12,957 [INFO] ✓ BBox-Detection fertig: 8771 Regionen total
