2026-07-09 08:26:01,800 [INFO] ============================================================
2026-07-09 08:26:01,800 [INFO] PHASE 3: Latein-OCR via Tesseract
2026-07-09 08:26:01,800 [INFO] Tesseract verfügbar: True
2026-07-09 08:26:01,800 [INFO] ============================================================
2026-07-09 08:26:02,652 [INFO]   p01: words=  54, boxes_total= 199
2026-07-09 08:26:03,409 [INFO]   p02: words=  42, boxes_total= 189
2026-07-09 08:26:04,246 [INFO]   p03: words=  53, boxes_total= 200
2026-07-09 08:26:05,145 [INFO]   p04: words=  62, boxes_total= 215
2026-07-09 08:26:05,571 [INFO]   p05: words=  12, boxes_total=  77
2026-07-09 08:26:06,009 [INFO]   p06: words=  11, boxes_total=  91
2026-07-09 08:26:06,538 [INFO]   p07: words=  17, boxes_total= 101
2026-07-09 08:26:07,016 [INFO]   p08: words=  17, boxes_total=  87
2026-07-09 08:26:07,757 [INFO]   p09: words=  33, boxes_total= 171
2026-07-09 08:26:08,600 [INFO]   p10: words=  44, boxes_total= 257
2026-07-09 08:26:09,368 [INFO]   p11: words=  51, boxes_total= 221
2026-07-09 08:26:10,252 [INFO]   p12: words=  47, boxes_total= 249
2026-07-09 08:26:11,123 [INFO]   p13: words=  55, boxes_total= 217
2026-07-09 08:26:11,891 [INFO]   p14: words=  46, boxes_total= 195
2026-07-09 08:26:12,815 [INFO]   p15: words=  48, boxes_total= 246
2026-07-09 08:26:13,566 [INFO]   p16: words=  47, boxes_total= 184
2026-07-09 08:26:14,340 [INFO]   p17: words=   2, boxes_total= 337
2026-07-09 08:26:15,180 [INFO]   p18: words=   1, boxes_total= 372
2026-07-09 08:26:15,824 [INFO]   p19: words=   0, boxes_total= 295
2026-07-09 08:26:16,883 [INFO]   p20: words=   1, boxes_total= 474
2026-07-09 08:26:17,680 [INFO]   p21: words=   0, boxes_total= 346
2026-07-09 08:26:18,484 [INFO]   p22: words=   1, boxes_total= 310
2026-07-09 08:26:19,304 [INFO]   p23: words=   4, boxes_total= 395
2026-07-09 08:26:19,305 [INFO] 
2026-07-09 08:26:19,305 [INFO] ✓ Latein-OCR: 648 lateinische Wörter total extrahiert
