2026-07-09 08:27:45,073 [INFO] ============================================================
2026-07-09 08:27:45,073 [INFO] PHASE 4: Ziffern-Detection (Tesseract auf digit-BBox-Crops)
2026-07-09 08:27:45,073 [INFO] ============================================================
2026-07-09 08:28:17,741 [INFO]   p01: n_digits=102, sample=['1', '1', '4', '1', '1']
2026-07-09 08:28:54,076 [INFO]   p02: n_digits=108, sample=['6', '0', '0', '0', '20']
2026-07-09 08:29:43,618 [INFO]   p03: n_digits=142, sample=['0', '0,', '0', '204', '0']
2026-07-09 08:30:27,617 [INFO]   p04: n_digits=131, sample=['1', '1', '1', '1', '1']
2026-07-09 08:30:28,494 [INFO]   p05: n_digits=  6, sample=['3', '3', '3', '3', '3']
2026-07-09 08:30:29,515 [INFO]   p06: n_digits=  7, sample=['3', '.2', '20', '0', '0']
2026-07-09 08:30:35,020 [INFO]   p07: n_digits= 37, sample=['204', '9,', '0', '9,', '.']
2026-07-09 08:30:40,908 [INFO]   p08: n_digits= 24, sample=['.', ',', '3', '3', '5']
2026-07-09 08:31:22,615 [INFO]   p09: n_digits=207, sample=[',', '.', ',', '4', '0']
2026-07-09 08:32:09,362 [INFO]   p10: n_digits=129, sample=['.', '4', '4', '4', ',']
2026-07-09 08:32:14,721 [INFO]   p11: n_digits= 31, sample=['.', '.', '.', '10', '20']
2026-07-09 08:32:21,294 [INFO]   p12: n_digits= 39, sample=['.', '.', '10', '0', '0']
2026-07-09 08:32:25,671 [INFO]   p13: n_digits= 26, sample=['9,', '104', '0', '0', '204']
2026-07-09 08:32:27,612 [INFO]   p14: n_digits=  8, sample=['.', '.2', '.', '.', '.']
2026-07-09 08:32:31,398 [INFO]   p15: n_digits= 22, sample=['.2', '.2', '.', '.', '.']
2026-07-09 08:32:38,382 [INFO]   p16: n_digits= 37, sample=['.', '.', '0', '0', '0']
2026-07-09 08:32:41,590 [INFO]   p17: n_digits= 19, sample=['4', '4', '141', '4', '4']
2026-07-09 08:32:44,553 [INFO]   p18: n_digits= 16, sample=['4', '4', '4', '4', '4']
2026-07-09 08:32:50,132 [INFO]   p19: n_digits= 30, sample=['4', '4', '4', '4', '4']
2026-07-09 08:32:52,942 [INFO]   p20: n_digits= 15, sample=['4', '4', '4', '14', '4']
2026-07-09 08:32:59,362 [INFO]   p21: n_digits= 25, sample=['4', '4', '4', '44', '4']
2026-07-09 08:33:06,342 [INFO]   p22: n_digits= 48, sample=['1', '4', '4', '4', '14']
2026-07-09 08:34:08,288 [INFO]   p23: n_digits=288, sample=['2', '9', '0.', '1', '1']
2026-07-09 08:34:08,288 [INFO] 
2026-07-09 08:34:08,289 [INFO] ✓ Ziffern-Detection: 1497 Ziffern total
