2026-07-09 08:34:08,473 [INFO] ============================================================
2026-07-09 08:34:08,473 [INFO] PHASE 5: Formel-Detection (math_times/pi/exp + Brüche)
2026-07-09 08:34:08,473 [INFO] ============================================================
2026-07-09 08:34:08,532 [INFO]   p01: ×=94 π=48 ^= 0 frac= 4 → total=146
2026-07-09 08:34:08,569 [INFO]   p02: ×=79 π=41 ^= 0 frac=17 → total=137
2026-07-09 08:34:08,605 [INFO]   p03: ×=93 π=51 ^= 0 frac=32 → total=176
2026-07-09 08:34:08,642 [INFO]   p04: ×=106 π=54 ^= 0 frac=16 → total=176
2026-07-09 08:34:08,678 [INFO]   p05: ×=38 π=10 ^= 0 frac= 1 → total=49
2026-07-09 08:34:08,716 [INFO]   p06: ×=35 π=19 ^= 0 frac= 1 → total=55
2026-07-09 08:34:08,749 [INFO]   p07: ×=43 π=16 ^= 0 frac= 2 → total=61
2026-07-09 08:34:08,781 [INFO]   p08: ×=43 π=14 ^= 0 frac= 4 → total=61
2026-07-09 08:34:08,819 [INFO]   p09: ×=67 π=38 ^=47 frac=77 → total=229
2026-07-09 08:34:08,854 [INFO]   p10: ×=119 π=54 ^= 0 frac=27 → total=200
2026-07-09 08:34:08,890 [INFO]   p11: ×=99 π=32 ^= 3 frac= 7 → total=141
2026-07-09 08:34:08,925 [INFO]   p12: ×=132 π=41 ^= 0 frac= 6 → total=179
2026-07-09 08:34:08,960 [INFO]   p13: ×=114 π=33 ^= 0 frac= 7 → total=154
2026-07-09 08:34:08,994 [INFO]   p14: ×=104 π=43 ^= 0 frac= 4 → total=151
2026-07-09 08:34:09,030 [INFO]   p15: ×=121 π=37 ^= 0 frac= 6 → total=164
2026-07-09 08:34:09,065 [INFO]   p16: ×=95 π=35 ^= 0 frac= 7 → total=137
2026-07-09 08:34:09,097 [INFO]   p17: ×= 2 π= 0 ^= 0 frac= 0 → total=2
2026-07-09 08:34:09,129 [INFO]   p18: ×= 2 π= 0 ^= 0 frac= 0 → total=2
2026-07-09 08:34:09,162 [INFO]   p19: ×= 3 π= 1 ^= 1 frac= 0 → total=5
2026-07-09 08:34:09,195 [INFO]   p20: ×= 5 π= 1 ^= 0 frac= 1 → total=7
2026-07-09 08:34:09,227 [INFO]   p21: ×=18 π= 3 ^= 5 frac=10 → total=36
2026-07-09 08:34:09,260 [INFO]   p22: ×= 0 π= 2 ^= 0 frac= 0 → total=2
2026-07-09 08:34:09,299 [INFO]   p23: ×=52 π=176 ^=36 frac=29 → total=293
2026-07-09 08:34:09,299 [INFO] 
2026-07-09 08:34:09,299 [INFO] ✓ Formel-Detection: 2563 Formeln total
