2026-07-09 08:34:09,445 [INFO] ============================================================
2026-07-09 08:34:09,445 [INFO] PHASE 6: Bilder / Drawings Detection
2026-07-09 08:34:09,445 [INFO] ============================================================
2026-07-09 08:34:09,499 [INFO]   p01: graphics= 0 (round=0, graphic=0)
2026-07-09 08:34:09,534 [INFO]   p02: graphics= 1 (round=0, graphic=1)
2026-07-09 08:34:09,566 [INFO]   p03: graphics= 0 (round=0, graphic=0)
2026-07-09 08:34:09,597 [INFO]   p04: graphics= 0 (round=0, graphic=0)
2026-07-09 08:34:09,633 [INFO]   p05: graphics= 0 (round=0, graphic=0)
2026-07-09 08:34:09,668 [INFO]   p06: graphics= 0 (round=0, graphic=0)
2026-07-09 08:34:09,700 [INFO]   p07: graphics= 0 (round=0, graphic=0)
2026-07-09 08:34:09,730 [INFO]   p08: graphics= 0 (round=0, graphic=0)
2026-07-09 08:34:09,763 [INFO]   p09: graphics= 0 (round=0, graphic=0)
2026-07-09 08:34:09,795 [INFO]   p10: graphics= 0 (round=0, graphic=0)
2026-07-09 08:34:09,827 [INFO]   p11: graphics= 1 (round=0, graphic=1)
2026-07-09 08:34:09,858 [INFO]   p12: graphics= 2 (round=2, graphic=0)
2026-07-09 08:34:09,889 [INFO]   p13: graphics= 4 (round=4, graphic=0)
2026-07-09 08:34:09,920 [INFO]   p14: graphics= 0 (round=0, graphic=0)
2026-07-09 08:34:09,951 [INFO]   p15: graphics= 0 (round=0, graphic=0)
2026-07-09 08:34:09,983 [INFO]   p16: graphics= 0 (round=0, graphic=0)
2026-07-09 08:34:10,015 [INFO]   p17: graphics= 0 (round=0, graphic=0)
2026-07-09 08:34:10,047 [INFO]   p18: graphics= 0 (round=0, graphic=0)
2026-07-09 08:34:10,080 [INFO]   p19: graphics= 0 (round=0, graphic=0)
2026-07-09 08:34:10,112 [INFO]   p20: graphics= 2 (round=0, graphic=2)
2026-07-09 08:34:10,143 [INFO]   p21: graphics= 1 (round=0, graphic=1)
2026-07-09 08:34:10,176 [INFO]   p22: graphics= 0 (round=0, graphic=0)
2026-07-09 08:34:10,210 [INFO]   p23: graphics= 0 (round=0, graphic=0)
2026-07-09 08:34:10,210 [INFO] 
2026-07-09 08:34:10,210 [INFO] ✓ Drawings: 11 total
