2026-07-09 08:34:10,334 [INFO] ============================================================
2026-07-09 08:34:10,334 [INFO] PHASE 7: Magic-Cube 3x3-Grid-Detection
2026-07-09 08:34:10,334 [INFO] ============================================================
2026-07-09 08:34:10,335 [INFO]   p01: 3x3-Cluster = 0
2026-07-09 08:34:10,337 [INFO]   p02: 3x3-Cluster = 0
2026-07-09 08:34:10,338 [INFO]   p03: 3x3-Cluster = 0
2026-07-09 08:34:10,339 [INFO]   p04: 3x3-Cluster = 0
2026-07-09 08:34:10,340 [INFO]   p05: 3x3-Cluster = 0
2026-07-09 08:34:10,340 [INFO]   p06: 3x3-Cluster = 0
2026-07-09 08:34:10,341 [INFO]   p07: 3x3-Cluster = 0
2026-07-09 08:34:10,341 [INFO]   p08: 3x3-Cluster = 0
2026-07-09 08:34:10,343 [INFO]   p09: 3x3-Cluster = 0
2026-07-09 08:34:10,344 [INFO]   p10: 3x3-Cluster = 0
2026-07-09 08:34:10,345 [INFO]   p11: 3x3-Cluster = 0
2026-07-09 08:34:10,347 [INFO]   p12: 3x3-Cluster = 0
2026-07-09 08:34:10,348 [INFO]   p13: 3x3-Cluster = 0
2026-07-09 08:34:10,349 [INFO]   p14: 3x3-Cluster = 0
2026-07-09 08:34:10,350 [INFO]   p15: 3x3-Cluster = 0
2026-07-09 08:34:10,352 [INFO]   p16: 3x3-Cluster = 0
2026-07-09 08:34:10,352 [INFO]   p17: 3x3-Cluster = 0
2026-07-09 08:34:10,352 [INFO]   p18: 3x3-Cluster = 0
2026-07-09 08:34:10,353 [INFO]   p19: 3x3-Cluster = 0
2026-07-09 08:34:10,353 [INFO]   p20: 3x3-Cluster = 0
2026-07-09 08:34:10,353 [INFO]   p21: 3x3-Cluster = 0
2026-07-09 08:34:10,354 [INFO]   p22: 3x3-Cluster = 0
2026-07-09 08:34:10,355 [INFO]   p23: 3x3-Cluster = 0
2026-07-09 08:34:10,355 [INFO] 
2026-07-09 08:34:10,355 [INFO] ✓ Magic-Cubes: 0 3x3-Cluster total
