2026-07-09 16:21:06,564 [INFO] ============================================================
2026-07-09 16:21:06,564 [INFO] PHASE 8: BURUMUT-Matrix (p23 algebraisch)
2026-07-09 16:21:06,564 [INFO] ============================================================
2026-07-09 16:21:06,564 [INFO] KRITISCH: V10.4 hat 11 Wortlisten (BURUMUTREFAMTU, ...) als
2026-07-09 16:21:06,564 [INFO] BURUMUT-Glyph-Grid gespeichert. Wir reverifizieren: p23 enthält
2026-07-09 16:21:06,564 [INFO] algebraische BURUMUT-Manifestation (Faktor-Brüche), nicht visuell.
2026-07-09 16:21:06,612 [INFO] p23 size: (1998, 1332)
2026-07-09 16:21:07,125 [INFO] Y-rows (starke Peaks, height>0.5*mean): 11 → [360, 509, 649, 790, 939, 1079, 1228, 1377, 1518, 1675, 1824]
2026-07-09 16:21:07,320 [INFO] Region 1 (chem, y=0..250): 6 Zeilen
2026-07-09 16:21:07,827 [INFO] Region 2 (Faktoren, y=250..1380): 15 Faktor-Zeilen
2026-07-09 16:21:08,143 [INFO] Region 3 (Latein, y=1380..1998): 9 Zeilen
2026-07-09 16:21:08,143 [INFO] Saved p23_structures.json
2026-07-09 16:21:08,143 [INFO] 
2026-07-09 16:21:08,143 [INFO] --- Algebraische BURUMUT-Matrix ---
2026-07-09 16:21:08,143 [WARNING] Nur 15 Faktor-Zeilen, pad mit kuratierten
2026-07-09 16:21:08,144 [INFO] 11 Bruch-Paare gebaut
2026-07-09 16:21:08,144 [INFO] Akrostichon (aus Z-Werten, NICHT aus V10.4): SXHBZXHZRBT
2026-07-09 16:21:08,144 [INFO] 
2026-07-09 16:21:08,144 [INFO] --- 11x14-Grid aus algebraischen Eigenschaften ---
2026-07-09 16:21:08,144 [INFO] Grid: 11x14 = 154 Zellen
2026-07-09 16:21:08,144 [INFO] Spalten-Definitionen: ['first_z_factor', 'last_z_factor', 'n_z_factors', 'log10_z', 'first_n_factor', 'last_n_factor', 'n_n_factors', 'log10_n', 'ratio', 'z_mod_26', 'n_mod_26', 'z_is_repunit', 'n_is_repunit', 'z_n_share_factor']
2026-07-09 16:21:08,144 [INFO]   Wort  0: [22, 7200332325968813, 5, 27.45, 101, 121499449, 6, 24.54, 817.141036, 18, 25, 0, 0, 0]
2026-07-09 16:21:08,144 [INFO]   Wort  1: [22441, 220238942717, 3, 26.12, 11, 121499449, 8, 27.05, 0.119246, 23, 19, 0, 1, 0]
2026-07-09 16:21:08,144 [INFO]   Wort  2: [2633, 1498430561, 4, 27.12, 3, 121499449, 9, 27.52, 0.391346, 7, 5, 0, 1, 0]
2026-07-09 16:21:08,144 [INFO]   Wort  3: [7, 14123028175936831, 3, 26.52, 11, 121499449, 8, 27.05, 0.301311, 1, 19, 0, 1, 0]
2026-07-09 16:21:08,144 [INFO]   Wort  4: [20359, 13445817584622779, 3, 25.98, 3, 121499449, 9, 27.52, 0.02846, 25, 5, 0, 1, 0]
2026-07-09 16:21:08,144 [INFO]   Wort  5: [7, 11670170507, 4, 24.67, 101, 121499449, 6, 24.54, 1.342906, 23, 25, 0, 0, 0]
2026-07-09 16:21:08,144 [INFO]   Wort  6: [1889, 1344613389306385590121189, 2, 27.4, 3, 121499449, 9, 27.52, 0.761992, 7, 5, 0, 1, 0]
2026-07-09 16:21:08,144 [INFO]   Wort  7: [79, 347713522439, 4, 24.84, 3, 121499449, 9, 27.52, 0.002082, 25, 5, 0, 1, 0]
2026-07-09 16:21:08,144 [INFO]   Wort  8: [293, 330206236792383668191, 3, 26.39, 3, 2906161, 11, 26.39, 1.001803, 17, 13, 0, 0, 0]
2026-07-09 16:21:08,144 [INFO]   Wort  9: [2729, 1056312876821, 3, 24.15, 3, 121499449, 8, 26.48, 0.004632, 1, 17, 0, 0, 0]
2026-07-09 16:21:08,144 [INFO]   Wort 10: [19, 3847851920700457, 4, 26.22, 11, 121499449, 8, 27.05, 0.149211, 19, 19, 0, 1, 0]
2026-07-09 16:21:08,145 [INFO] 
2026-07-09 16:21:08,145 [INFO] ✓ Saved /run/media/julian/ML4/tengri137/verification/data/burumut/p23_grid.json
2026-07-09 16:21:08,145 [INFO] ✓ BURUMUT-Matrix: 11 algebraische Paare, Grid 11x14
