2026-07-09 16:22:35,657 [INFO] ============================================================
2026-07-09 16:22:35,658 [INFO] PHASE 9: Latein-Text-Komposition
2026-07-09 16:22:35,658 [INFO] ============================================================
2026-07-09 16:22:35,658 [INFO]   p01:  16 Zeilen,  54 Wörter, sample='IGHTHM ITSUMBT TAH>'
2026-07-09 16:22:35,659 [INFO]   p02:  14 Zeilen,  42 Wörter, sample='IRI€ YYTO DXThATYTI'
2026-07-09 16:22:35,659 [INFO]   p03:  16 Zeilen,  53 Wörter, sample='I¥Th'
2026-07-09 16:22:35,660 [INFO]   p04:  18 Zeilen,  62 Wörter, sample='N3OIO HTIXAA'
2026-07-09 16:22:35,660 [INFO]   p05:   5 Zeilen,  12 Wörter, sample='Nrhdky'
2026-07-09 16:22:35,660 [INFO]   p06:   5 Zeilen,  11 Wörter, sample='AMdHAA'
2026-07-09 16:22:35,661 [INFO]   p07:   7 Zeilen,  17 Wörter, sample='MIA TY1RTI Fh>A IRPA'
2026-07-09 16:22:35,661 [INFO]   p08:   6 Zeilen,  17 Wörter, sample='IR”h HTOhR IMRRPD BHOH'
2026-07-09 16:22:35,661 [INFO]   p09:  11 Zeilen,  33 Wörter, sample='FEMY> MMl IMRRD'
2026-07-09 16:22:35,662 [INFO]   p10:  18 Zeilen,  44 Wörter, sample='h>AJA PR¥2D hITTY>d'
2026-07-09 16:22:35,662 [INFO]   p11:  15 Zeilen,  51 Wörter, sample='OSHMRT MIAMITX IR>AR AFAhATRS'
2026-07-09 16:22:35,663 [INFO]   p12:  18 Zeilen,  47 Wörter, sample='2ThIT>d TAKRIFAT'
2026-07-09 16:22:35,663 [INFO]   p13:  18 Zeilen,  55 Wörter, sample='T1YYTO ThI>AJA'
2026-07-09 16:22:35,664 [INFO]   p14:  16 Zeilen,  46 Wörter, sample='THHTHY had' Thi>AJA'
2026-07-09 16:22:35,664 [INFO]   p15:  20 Zeilen,  48 Wörter, sample='Th>AJA XARTRO>A'
2026-07-09 16:22:35,665 [INFO]   p16:  14 Zeilen,  47 Wörter, sample='IMh A2R>Y TENIR SHIAN IRTE'
2026-07-09 16:22:35,665 [INFO]   p17:   2 Zeilen,   2 Wörter, sample='2x3x5x997'
2026-07-09 16:22:35,665 [INFO]   p18:   1 Zeilen,   1 Wörter, sample='2x3x7x17x2713'
2026-07-09 16:22:35,666 [INFO]   p20:   1 Zeilen,   1 Wörter, sample='xTx31'
2026-07-09 16:22:35,666 [INFO]   p22:   1 Zeilen,   1 Wörter, sample='x3x5x'
2026-07-09 16:22:35,666 [INFO]   p23:   4 Zeilen,   4 Wörter, sample='Zz-~__-N'
2026-07-09 16:22:35,666 [INFO] 
2026-07-09 16:22:35,666 [INFO] ✓ Latein-Text-Komposition: 226 Zeilen, 648 Wörter total
